<?xml version="1.0" encoding="UTF-8"?>
<coverage generated="1771917367555" clover="3.2.0">
  <project timestamp="1771917367556" name="All files">
    <metrics statements="149" coveredstatements="142" conditionals="92" coveredconditionals="76" methods="33" coveredmethods="31" elements="274" coveredelements="249" complexity="0" loc="149" ncloc="149" packages="2" files="2" classes="2"/>
    <package name="data">
      <metrics statements="15" coveredstatements="15" conditionals="2" coveredconditionals="2" methods="2" coveredmethods="2"/>
      <file name="mockData.ts" path="C:\Users\PuenYim\OneDrive\Desktop\Coding\salmon-allocation\src\data\mockData.ts">
        <metrics statements="15" coveredstatements="15" conditionals="2" coveredconditionals="2" methods="2" coveredmethods="2"/>
        <line num="49" count="1" type="stmt"/>
        <line num="154" count="1" type="stmt"/>
        <line num="332" count="5" type="stmt"/>
        <line num="349" count="1" type="stmt"/>
        <line num="350" count="81" type="stmt"/>
        <line num="351" count="81" type="stmt"/>
        <line num="352" count="81" type="stmt"/>
        <line num="354" count="81" type="stmt"/>
        <line num="355" count="81" type="stmt"/>
        <line num="356" count="81" type="stmt"/>
        <line num="357" count="81" type="stmt"/>
        <line num="358" count="81" type="stmt"/>
        <line num="360" count="81" type="stmt"/>
        <line num="363" count="81" type="stmt"/>
        <line num="381" count="1" type="stmt"/>
      </file>
    </package>
    <package name="store">
      <metrics statements="134" coveredstatements="127" conditionals="90" coveredconditionals="74" methods="31" coveredmethods="29"/>
      <file name="allocationStore.ts" path="C:\Users\PuenYim\OneDrive\Desktop\Coding\salmon-allocation\src\store\allocationStore.ts">
        <metrics statements="134" coveredstatements="127" conditionals="90" coveredconditionals="74" methods="31" coveredmethods="29"/>
        <line num="72" count="80" type="stmt"/>
        <line num="73" count="80" type="stmt"/>
        <line num="74" count="80" type="stmt"/>
        <line num="75" count="80" type="stmt"/>
        <line num="76" count="80" type="cond" truecount="2" falsecount="0"/>
        <line num="77" count="1" type="cond" truecount="1" falsecount="1"/>
        <line num="79" count="79" type="stmt"/>
        <line num="88" count="24" type="stmt"/>
        <line num="89" count="32" type="cond" truecount="2" falsecount="0"/>
        <line num="91" count="24" type="cond" truecount="2" falsecount="0"/>
        <line num="92" count="23" type="stmt"/>
        <line num="97" count="60" type="stmt"/>
        <line num="98" count="23" type="cond" truecount="1" falsecount="1"/>
        <line num="126" count="1" type="stmt"/>
        <line num="142" count="9" type="stmt"/>
        <line num="144" count="9" type="stmt"/>
        <line num="145" count="8" type="stmt"/>
        <line num="146" count="8" type="stmt"/>
        <line num="149" count="8" type="stmt"/>
        <line num="152" count="8" type="stmt"/>
        <line num="153" count="8" type="stmt"/>
        <line num="156" count="8" type="stmt"/>
        <line num="157" count="10" type="stmt"/>
        <line num="161" count="8" type="stmt"/>
        <line num="166" count="8" type="stmt"/>
        <line num="167" count="2" type="stmt"/>
        <line num="168" count="2" type="cond" truecount="1" falsecount="1"/>
        <line num="169" count="0" type="stmt"/>
        <line num="174" count="8" type="stmt"/>
        <line num="176" count="10" type="stmt"/>
        <line num="177" count="10" type="cond" truecount="2" falsecount="0"/>
        <line num="178" count="1" type="stmt"/>
        <line num="179" count="3" type="stmt"/>
        <line num="180" count="1" type="stmt"/>
        <line num="181" count="1" type="cond" truecount="1" falsecount="1"/>
        <line num="185" count="10" type="stmt"/>
        <line num="186" count="10" type="cond" truecount="1" falsecount="1"/>
        <line num="187" count="0" type="stmt"/>
        <line num="188" count="0" type="stmt"/>
        <line num="189" count="0" type="stmt"/>
        <line num="190" count="0" type="cond" truecount="0" falsecount="2"/>
        <line num="193" count="10" type="stmt"/>
        <line num="200" count="11" type="stmt"/>
        <line num="201" count="10" type="stmt"/>
        <line num="202" count="10" type="stmt"/>
        <line num="205" count="10" type="cond" truecount="1" falsecount="1"/>
        <line num="206" count="10" type="cond" truecount="1" falsecount="1"/>
        <line num="210" count="10" type="cond" truecount="2" falsecount="0"/>
        <line num="211" count="1" type="stmt"/>
        <line num="212" count="1" type="stmt"/>
        <line num="217" count="1" type="stmt"/>
        <line num="220" count="9" type="cond" truecount="2" falsecount="0"/>
        <line num="221" count="1" type="stmt"/>
        <line num="222" count="1" type="stmt"/>
        <line num="227" count="1" type="stmt"/>
        <line num="230" count="8" type="stmt"/>
        <line num="231" count="8" type="cond" truecount="1" falsecount="1"/>
        <line num="232" count="8" type="stmt"/>
        <line num="233" count="8" type="stmt"/>
        <line num="235" count="8" type="stmt"/>
        <line num="237" count="8" type="stmt"/>
        <line num="239" count="8" type="stmt"/>
        <line num="240" count="8" type="stmt"/>
        <line num="241" count="8" type="stmt"/>
        <line num="242" count="8" type="stmt"/>
        <line num="243" count="8" type="stmt"/>
        <line num="245" count="8" type="cond" truecount="1" falsecount="1"/>
        <line num="246" count="0" type="stmt"/>
        <line num="247" count="0" type="stmt"/>
        <line num="252" count="8" type="cond" truecount="2" falsecount="0"/>
        <line num="253" count="3" type="stmt"/>
        <line num="254" count="3" type="stmt"/>
        <line num="260" count="5" type="stmt"/>
        <line num="261" count="5" type="stmt"/>
        <line num="268" count="8" type="cond" truecount="1" falsecount="1"/>
        <line num="269" count="8" type="cond" truecount="1" falsecount="1"/>
        <line num="273" count="8" type="stmt"/>
        <line num="274" count="10" type="stmt"/>
        <line num="275" count="12" type="stmt"/>
        <line num="276" count="10" type="cond" truecount="1" falsecount="1"/>
        <line num="280" count="8" type="stmt"/>
        <line num="293" count="15" type="stmt"/>
        <line num="294" count="15" type="stmt"/>
        <line num="295" count="15" type="stmt"/>
        <line num="296" count="15" type="stmt"/>
        <line num="298" count="15" type="stmt"/>
        <line num="299" count="15" type="stmt"/>
        <line num="300" count="15" type="stmt"/>
        <line num="301" count="15" type="cond" truecount="2" falsecount="0"/>
        <line num="303" count="15" type="cond" truecount="2" falsecount="0"/>
        <line num="305" count="14" type="cond" truecount="2" falsecount="0"/>
        <line num="306" count="15" type="cond" truecount="2" falsecount="0"/>
        <line num="307" count="15" type="stmt"/>
        <line num="314" count="15" type="cond" truecount="2" falsecount="0"/>
        <line num="315" count="13" type="cond" truecount="2" falsecount="0"/>
        <line num="316" count="13" type="stmt"/>
        <line num="318" count="12" type="stmt"/>
        <line num="319" count="12" type="stmt"/>
        <line num="320" count="12" type="cond" truecount="5" falsecount="0"/>
        <line num="321" count="1" type="stmt"/>
        <line num="323" count="12" type="stmt"/>
        <line num="324" count="11" type="cond" truecount="4" falsecount="0"/>
        <line num="325" count="10" type="cond" truecount="2" falsecount="0"/>
        <line num="326" count="10" type="stmt"/>
        <line num="327" count="10" type="cond" truecount="2" falsecount="0"/>
        <line num="328" count="1" type="stmt"/>
        <line num="329" count="1" type="stmt"/>
        <line num="334" count="10" type="cond" truecount="1" falsecount="1"/>
        <line num="335" count="10" type="cond" truecount="1" falsecount="1"/>
        <line num="336" count="10" type="stmt"/>
        <line num="341" count="10" type="stmt"/>
        <line num="342" count="109" type="stmt"/>
        <line num="343" count="102" type="cond" truecount="2" falsecount="0"/>
        <line num="344" count="10" type="stmt"/>
        <line num="345" count="10" type="stmt"/>
        <line num="346" count="10" type="stmt"/>
        <line num="347" count="10" type="stmt"/>
        <line num="348" count="10" type="stmt"/>
        <line num="349" count="10" type="stmt"/>
        <line num="358" count="10" type="stmt"/>
        <line num="359" count="10" type="stmt"/>
        <line num="362" count="1" type="stmt"/>
        <line num="363" count="1" type="stmt"/>
        <line num="364" count="1" type="stmt"/>
        <line num="365" count="1" type="stmt"/>
        <line num="368" count="40" type="stmt"/>
        <line num="378" count="9" type="stmt"/>
        <line num="379" count="9" type="stmt"/>
        <line num="380" count="27" type="stmt"/>
        <line num="382" count="27" type="stmt"/>
        <line num="384" count="27" type="cond" truecount="5" falsecount="0"/>
        <line num="389" count="27" type="cond" truecount="2" falsecount="0"/>
        <line num="391" count="27" type="cond" truecount="2" falsecount="0"/>
        <line num="392" count="27" type="cond" truecount="3" falsecount="0"/>
      </file>
    </package>
  </project>
</coverage>
