{"C:\\Users\\PuenYim\\OneDrive\\Desktop\\Coding\\salmon-allocation\\src\\data\\mockData.ts": {"path":"C:\\Users\\PuenYim\\OneDrive\\Desktop\\Coding\\salmon-allocation\\src\\data\\mockData.ts","statementMap":{"0":{"start":{"line":49,"column":4},"end":{"line":150,"column":null}},"1":{"start":{"line":154,"column":30},"end":{"line":345,"column":null}},"2":{"start":{"line":332,"column":56},"end":{"line":343,"column":10}},"3":{"start":{"line":349,"column":30},"end":{"line":379,"column":null}},"4":{"start":{"line":350,"column":18},"end":{"line":350,"column":null}},"5":{"start":{"line":351,"column":10},"end":{"line":351,"column":null}},"6":{"start":{"line":352,"column":10},"end":{"line":352,"column":null}},"7":{"start":{"line":354,"column":18},"end":{"line":354,"column":null}},"8":{"start":{"line":355,"column":23},"end":{"line":355,"column":null}},"9":{"start":{"line":356,"column":22},"end":{"line":356,"column":null}},"10":{"start":{"line":357,"column":22},"end":{"line":357,"column":null}},"11":{"start":{"line":358,"column":18},"end":{"line":358,"column":null}},"12":{"start":{"line":360,"column":23},"end":{"line":361,"column":null}},"13":{"start":{"line":363,"column":4},"end":{"line":378,"column":null}},"14":{"start":{"line":381,"column":0},"end":{"line":381,"column":null}}},"fnMap":{"0":{"name":"(anonymous_0)","decl":{"start":{"line":332,"column":45},"end":{"line":332,"column":46}},"loc":{"start":{"line":332,"column":56},"end":{"line":343,"column":10}},"line":332},"1":{"name":"(anonymous_1)","decl":{"start":{"line":349,"column":57},"end":{"line":349,"column":58}},"loc":{"start":{"line":349,"column":67},"end":{"line":379,"column":1}},"line":349}},"branchMap":{"0":{"loc":{"start":{"line":334,"column":20},"end":{"line":334,"column":null}},"type":"cond-expr","locations":[{"start":{"line":334,"column":34},"end":{"line":334,"column":45}},{"start":{"line":334,"column":45},"end":{"line":334,"column":null}}],"line":334}},"s":{"0":1,"1":1,"2":5,"3":1,"4":81,"5":81,"6":81,"7":81,"8":81,"9":81,"10":81,"11":81,"12":81,"13":81,"14":1},"f":{"0":5,"1":81},"b":{"0":[3,2]},"meta":{"lastBranch":1,"lastFunction":2,"lastStatement":15,"seen":{"s:49:4:150:Infinity":0,"s:154:30:345:Infinity":1,"f:332:45:332:46":0,"s:332:56:343:10":2,"b:334:34:334:45:334:45:334:Infinity":0,"s:349:30:379:Infinity":3,"f:349:57:349:58":1,"s:350:18:350:Infinity":4,"s:351:10:351:Infinity":5,"s:352:10:352:Infinity":6,"s:354:18:354:Infinity":7,"s:355:23:355:Infinity":8,"s:356:22:356:Infinity":9,"s:357:22:357:Infinity":10,"s:358:18:358:Infinity":11,"s:360:23:361:Infinity":12,"s:363:4:378:Infinity":13,"s:381:0:381:Infinity":14}}}
,"C:\\Users\\PuenYim\\OneDrive\\Desktop\\Coding\\salmon-allocation\\src\\store\\allocationStore.ts": {"path":"C:\\Users\\PuenYim\\OneDrive\\Desktop\\Coding\\salmon-allocation\\src\\store\\allocationStore.ts","statementMap":{"0":{"start":{"line":72,"column":19},"end":{"line":72,"column":null}},"1":{"start":{"line":73,"column":20},"end":{"line":73,"column":null}},"2":{"start":{"line":74,"column":18},"end":{"line":74,"column":null}},"3":{"start":{"line":75,"column":17},"end":{"line":75,"column":null}},"4":{"start":{"line":76,"column":4},"end":{"line":78,"column":null}},"5":{"start":{"line":77,"column":8},"end":{"line":77,"column":null}},"6":{"start":{"line":79,"column":4},"end":{"line":79,"column":null}},"7":{"start":{"line":88,"column":18},"end":{"line":90,"column":null}},"8":{"start":{"line":89,"column":15},"end":{"line":89,"column":null}},"9":{"start":{"line":91,"column":4},"end":{"line":91,"column":null}},"10":{"start":{"line":91,"column":16},"end":{"line":91,"column":null}},"11":{"start":{"line":92,"column":47},"end":{"line":96,"column":null}},"12":{"start":{"line":97,"column":17},"end":{"line":97,"column":null}},"13":{"start":{"line":97,"column":41},"end":{"line":97,"column":75}},"14":{"start":{"line":98,"column":4},"end":{"line":98,"column":null}},"15":{"start":{"line":126,"column":13},"end":{"line":395,"column":null}},"16":{"start":{"line":126,"column":73},"end":{"line":395,"column":2}},"17":{"start":{"line":142,"column":8},"end":{"line":142,"column":null}},"18":{"start":{"line":144,"column":8},"end":{"line":289,"column":null}},"19":{"start":{"line":145,"column":26},"end":{"line":145,"column":null}},"20":{"start":{"line":146,"column":44},"end":{"line":148,"column":null}},"21":{"start":{"line":149,"column":42},"end":{"line":151,"column":null}},"22":{"start":{"line":152,"column":36},"end":{"line":152,"column":null}},"23":{"start":{"line":153,"column":42},"end":{"line":153,"column":null}},"24":{"start":{"line":156,"column":61},"end":{"line":158,"column":null}},"25":{"start":{"line":157,"column":16},"end":{"line":157,"column":null}},"26":{"start":{"line":157,"column":40},"end":{"line":157,"column":69}},"27":{"start":{"line":161,"column":56},"end":{"line":165,"column":null}},"28":{"start":{"line":166,"column":12},"end":{"line":172,"column":null}},"29":{"start":{"line":167,"column":26},"end":{"line":167,"column":null}},"30":{"start":{"line":168,"column":16},"end":{"line":168,"column":null}},"31":{"start":{"line":168,"column":29},"end":{"line":168,"column":null}},"32":{"start":{"line":169,"column":16},"end":{"line":170,"column":null}},"33":{"start":{"line":174,"column":12},"end":{"line":270,"column":null}},"34":{"start":{"line":176,"column":33},"end":{"line":176,"column":null}},"35":{"start":{"line":177,"column":16},"end":{"line":182,"column":null}},"36":{"start":{"line":178,"column":33},"end":{"line":180,"column":null}},"37":{"start":{"line":179,"column":39},"end":{"line":179,"column":65}},"38":{"start":{"line":180,"column":40},"end":{"line":180,"column":57}},"39":{"start":{"line":181,"column":20},"end":{"line":181,"column":null}},"40":{"start":{"line":181,"column":30},"end":{"line":181,"column":null}},"41":{"start":{"line":185,"column":33},"end":{"line":185,"column":null}},"42":{"start":{"line":186,"column":16},"end":{"line":191,"column":null}},"43":{"start":{"line":187,"column":36},"end":{"line":189,"column":null}},"44":{"start":{"line":188,"column":39},"end":{"line":188,"column":64}},"45":{"start":{"line":189,"column":40},"end":{"line":189,"column":57}},"46":{"start":{"line":190,"column":20},"end":{"line":190,"column":null}},"47":{"start":{"line":190,"column":32},"end":{"line":190,"column":null}},"48":{"start":{"line":193,"column":34},"end":{"line":198,"column":null}},"49":{"start":{"line":200,"column":32},"end":{"line":200,"column":null}},"50":{"start":{"line":200,"column":55},"end":{"line":200,"column":83}},"51":{"start":{"line":201,"column":33},"end":{"line":203,"column":null}},"52":{"start":{"line":202,"column":27},"end":{"line":202,"column":null}},"53":{"start":{"line":205,"column":35},"end":{"line":205,"column":null}},"54":{"start":{"line":206,"column":40},"end":{"line":208,"column":null}},"55":{"start":{"line":210,"column":16},"end":{"line":218,"column":null}},"56":{"start":{"line":211,"column":20},"end":{"line":211,"column":null}},"57":{"start":{"line":212,"column":20},"end":{"line":216,"column":null}},"58":{"start":{"line":217,"column":20},"end":{"line":217,"column":null}},"59":{"start":{"line":220,"column":16},"end":{"line":228,"column":null}},"60":{"start":{"line":221,"column":20},"end":{"line":221,"column":null}},"61":{"start":{"line":222,"column":20},"end":{"line":226,"column":null}},"62":{"start":{"line":227,"column":20},"end":{"line":227,"column":null}},"63":{"start":{"line":230,"column":31},"end":{"line":230,"column":null}},"64":{"start":{"line":231,"column":16},"end":{"line":234,"column":null}},"65":{"start":{"line":232,"column":40},"end":{"line":232,"column":null}},"66":{"start":{"line":233,"column":20},"end":{"line":233,"column":null}},"67":{"start":{"line":235,"column":16},"end":{"line":235,"column":null}},"68":{"start":{"line":237,"column":35},"end":{"line":237,"column":null}},"69":{"start":{"line":239,"column":16},"end":{"line":239,"column":null}},"70":{"start":{"line":240,"column":16},"end":{"line":240,"column":null}},"71":{"start":{"line":241,"column":16},"end":{"line":241,"column":null}},"72":{"start":{"line":242,"column":16},"end":{"line":242,"column":null}},"73":{"start":{"line":243,"column":16},"end":{"line":243,"column":null}},"74":{"start":{"line":245,"column":16},"end":{"line":266,"column":null}},"75":{"start":{"line":246,"column":20},"end":{"line":246,"column":null}},"76":{"start":{"line":247,"column":20},"end":{"line":251,"column":null}},"77":{"start":{"line":252,"column":16},"end":{"line":266,"column":null}},"78":{"start":{"line":253,"column":20},"end":{"line":253,"column":null}},"79":{"start":{"line":254,"column":20},"end":{"line":258,"column":null}},"80":{"start":{"line":260,"column":20},"end":{"line":260,"column":null}},"81":{"start":{"line":261,"column":20},"end":{"line":265,"column":null}},"82":{"start":{"line":268,"column":16},"end":{"line":268,"column":null}},"83":{"start":{"line":268,"column":29},"end":{"line":268,"column":null}},"84":{"start":{"line":269,"column":16},"end":{"line":269,"column":null}},"85":{"start":{"line":269,"column":30},"end":{"line":269,"column":null}},"86":{"start":{"line":273,"column":12},"end":{"line":278,"column":null}},"87":{"start":{"line":274,"column":16},"end":{"line":277,"column":null}},"88":{"start":{"line":275,"column":36},"end":{"line":275,"column":null}},"89":{"start":{"line":275,"column":53},"end":{"line":275,"column":84}},"90":{"start":{"line":276,"column":20},"end":{"line":276,"column":null}},"91":{"start":{"line":276,"column":33},"end":{"line":276,"column":null}},"92":{"start":{"line":280,"column":12},"end":{"line":288,"column":null}},"93":{"start":{"line":293,"column":22},"end":{"line":293,"column":null}},"94":{"start":{"line":294,"column":32},"end":{"line":294,"column":null}},"95":{"start":{"line":295,"column":40},"end":{"line":295,"column":null}},"96":{"start":{"line":296,"column":38},"end":{"line":296,"column":null}},"97":{"start":{"line":298,"column":41},"end":{"line":298,"column":null}},"98":{"start":{"line":299,"column":8},"end":{"line":302,"column":null}},"99":{"start":{"line":300,"column":22},"end":{"line":300,"column":null}},"100":{"start":{"line":300,"column":50},"end":{"line":300,"column":77}},"101":{"start":{"line":301,"column":12},"end":{"line":301,"column":null}},"102":{"start":{"line":301,"column":21},"end":{"line":301,"column":36}},"103":{"start":{"line":301,"column":36},"end":{"line":301,"column":43}},"104":{"start":{"line":303,"column":8},"end":{"line":303,"column":null}},"105":{"start":{"line":303,"column":24},"end":{"line":303,"column":null}},"106":{"start":{"line":305,"column":27},"end":{"line":305,"column":null}},"107":{"start":{"line":306,"column":27},"end":{"line":306,"column":null}},"108":{"start":{"line":307,"column":26},"end":{"line":312,"column":null}},"109":{"start":{"line":314,"column":8},"end":{"line":314,"column":null}},"110":{"start":{"line":314,"column":21},"end":{"line":314,"column":null}},"111":{"start":{"line":315,"column":8},"end":{"line":316,"column":null}},"112":{"start":{"line":316,"column":12},"end":{"line":316,"column":null}},"113":{"start":{"line":318,"column":24},"end":{"line":318,"column":null}},"114":{"start":{"line":318,"column":47},"end":{"line":318,"column":75}},"115":{"start":{"line":319,"column":21},"end":{"line":319,"column":null}},"116":{"start":{"line":320,"column":8},"end":{"line":321,"column":null}},"117":{"start":{"line":321,"column":12},"end":{"line":321,"column":null}},"118":{"start":{"line":323,"column":25},"end":{"line":323,"column":null}},"119":{"start":{"line":323,"column":47},"end":{"line":323,"column":85}},"120":{"start":{"line":324,"column":8},"end":{"line":331,"column":null}},"121":{"start":{"line":325,"column":34},"end":{"line":325,"column":null}},"122":{"start":{"line":326,"column":27},"end":{"line":326,"column":null}},"123":{"start":{"line":327,"column":12},"end":{"line":330,"column":null}},"124":{"start":{"line":328,"column":30},"end":{"line":328,"column":null}},"125":{"start":{"line":329,"column":16},"end":{"line":329,"column":null}},"126":{"start":{"line":334,"column":8},"end":{"line":334,"column":null}},"127":{"start":{"line":334,"column":21},"end":{"line":334,"column":null}},"128":{"start":{"line":335,"column":8},"end":{"line":339,"column":null}},"129":{"start":{"line":336,"column":12},"end":{"line":338,"column":null}},"130":{"start":{"line":341,"column":8},"end":{"line":356,"column":null}},"131":{"start":{"line":342,"column":24},"end":{"line":342,"column":null}},"132":{"start":{"line":342,"column":52},"end":{"line":342,"column":79}},"133":{"start":{"line":343,"column":12},"end":{"line":355,"column":null}},"134":{"start":{"line":344,"column":16},"end":{"line":344,"column":null}},"135":{"start":{"line":345,"column":16},"end":{"line":345,"column":null}},"136":{"start":{"line":346,"column":16},"end":{"line":346,"column":null}},"137":{"start":{"line":347,"column":16},"end":{"line":347,"column":null}},"138":{"start":{"line":348,"column":16},"end":{"line":348,"column":null}},"139":{"start":{"line":349,"column":16},"end":{"line":354,"column":null}},"140":{"start":{"line":358,"column":8},"end":{"line":358,"column":null}},"141":{"start":{"line":359,"column":8},"end":{"line":359,"column":null}},"142":{"start":{"line":362,"column":27},"end":{"line":362,"column":null}},"143":{"start":{"line":363,"column":26},"end":{"line":363,"column":null}},"144":{"start":{"line":364,"column":28},"end":{"line":364,"column":null}},"145":{"start":{"line":365,"column":27},"end":{"line":365,"column":null}},"146":{"start":{"line":368,"column":8},"end":{"line":375,"column":null}},"147":{"start":{"line":378,"column":66},"end":{"line":378,"column":null}},"148":{"start":{"line":379,"column":8},"end":{"line":393,"column":null}},"149":{"start":{"line":380,"column":28},"end":{"line":380,"column":82}},"150":{"start":{"line":380,"column":52},"end":{"line":380,"column":81}},"151":{"start":{"line":382,"column":26},"end":{"line":382,"column":null}},"152":{"start":{"line":384,"column":20},"end":{"line":388,"column":null}},"153":{"start":{"line":389,"column":34},"end":{"line":389,"column":null}},"154":{"start":{"line":391,"column":20},"end":{"line":391,"column":null}},"155":{"start":{"line":392,"column":16},"end":{"line":392,"column":null}}},"fnMap":{"0":{"name":"bankersRound","decl":{"start":{"line":71,"column":9},"end":{"line":71,"column":22}},"loc":{"start":{"line":71,"column":59},"end":{"line":80,"column":null}},"line":71},"1":{"name":"getUnitPrice","decl":{"start":{"line":82,"column":9},"end":{"line":82,"column":null}},"loc":{"start":{"line":87,"column":10},"end":{"line":99,"column":null}},"line":87},"2":{"name":"(anonymous_2)","decl":{"start":{"line":89,"column":8},"end":{"line":89,"column":9}},"loc":{"start":{"line":89,"column":15},"end":{"line":89,"column":null}},"line":89},"3":{"name":"(anonymous_3)","decl":{"start":{"line":97,"column":34},"end":{"line":97,"column":35}},"loc":{"start":{"line":97,"column":41},"end":{"line":97,"column":75}},"line":97},"4":{"name":"(anonymous_4)","decl":{"start":{"line":126,"column":58},"end":{"line":126,"column":59}},"loc":{"start":{"line":126,"column":73},"end":{"line":395,"column":2}},"line":126},"5":{"name":"(anonymous_5)","decl":{"start":{"line":141,"column":23},"end":{"line":141,"column":29}},"loc":{"start":{"line":141,"column":29},"end":{"line":290,"column":null}},"line":141},"6":{"name":"(anonymous_6)","decl":{"start":{"line":144,"column":19},"end":{"line":144,"column":25}},"loc":{"start":{"line":144,"column":25},"end":{"line":289,"column":11}},"line":144},"7":{"name":"(anonymous_7)","decl":{"start":{"line":156,"column":76},"end":{"line":156,"column":77}},"loc":{"start":{"line":157,"column":16},"end":{"line":157,"column":null}},"line":157},"8":{"name":"(anonymous_8)","decl":{"start":{"line":157,"column":32},"end":{"line":157,"column":33}},"loc":{"start":{"line":157,"column":40},"end":{"line":157,"column":69}},"line":157},"9":{"name":"(anonymous_9)","decl":{"start":{"line":166,"column":22},"end":{"line":166,"column":23}},"loc":{"start":{"line":166,"column":32},"end":{"line":172,"column":13}},"line":166},"10":{"name":"(anonymous_10)","decl":{"start":{"line":179,"column":32},"end":{"line":179,"column":33}},"loc":{"start":{"line":179,"column":39},"end":{"line":179,"column":65}},"line":179},"11":{"name":"(anonymous_11)","decl":{"start":{"line":180,"column":30},"end":{"line":180,"column":31}},"loc":{"start":{"line":180,"column":40},"end":{"line":180,"column":57}},"line":180},"12":{"name":"(anonymous_12)","decl":{"start":{"line":188,"column":32},"end":{"line":188,"column":33}},"loc":{"start":{"line":188,"column":39},"end":{"line":188,"column":64}},"line":188},"13":{"name":"(anonymous_13)","decl":{"start":{"line":189,"column":30},"end":{"line":189,"column":31}},"loc":{"start":{"line":189,"column":40},"end":{"line":189,"column":57}},"line":189},"14":{"name":"(anonymous_14)","decl":{"start":{"line":200,"column":48},"end":{"line":200,"column":49}},"loc":{"start":{"line":200,"column":55},"end":{"line":200,"column":83}},"line":200},"15":{"name":"(anonymous_15)","decl":{"start":{"line":202,"column":20},"end":{"line":202,"column":21}},"loc":{"start":{"line":202,"column":27},"end":{"line":202,"column":null}},"line":202},"16":{"name":"(anonymous_16)","decl":{"start":{"line":275,"column":46},"end":{"line":275,"column":47}},"loc":{"start":{"line":275,"column":53},"end":{"line":275,"column":84}},"line":275},"17":{"name":"(anonymous_17)","decl":{"start":{"line":292,"column":20},"end":{"line":292,"column":21}},"loc":{"start":{"line":292,"column":41},"end":{"line":360,"column":null}},"line":292},"18":{"name":"(anonymous_18)","decl":{"start":{"line":300,"column":43},"end":{"line":300,"column":44}},"loc":{"start":{"line":300,"column":50},"end":{"line":300,"column":77}},"line":300},"19":{"name":"(anonymous_19)","decl":{"start":{"line":318,"column":40},"end":{"line":318,"column":41}},"loc":{"start":{"line":318,"column":47},"end":{"line":318,"column":75}},"line":318},"20":{"name":"(anonymous_20)","decl":{"start":{"line":323,"column":40},"end":{"line":323,"column":41}},"loc":{"start":{"line":323,"column":47},"end":{"line":323,"column":85}},"line":323},"21":{"name":"(anonymous_21)","decl":{"start":{"line":342,"column":45},"end":{"line":342,"column":46}},"loc":{"start":{"line":342,"column":52},"end":{"line":342,"column":79}},"line":342},"22":{"name":"(anonymous_22)","decl":{"start":{"line":362,"column":20},"end":{"line":362,"column":21}},"loc":{"start":{"line":362,"column":27},"end":{"line":362,"column":null}},"line":362},"23":{"name":"(anonymous_23)","decl":{"start":{"line":363,"column":19},"end":{"line":363,"column":20}},"loc":{"start":{"line":363,"column":26},"end":{"line":363,"column":null}},"line":363},"24":{"name":"(anonymous_24)","decl":{"start":{"line":364,"column":21},"end":{"line":364,"column":22}},"loc":{"start":{"line":364,"column":28},"end":{"line":364,"column":null}},"line":364},"25":{"name":"(anonymous_25)","decl":{"start":{"line":365,"column":20},"end":{"line":365,"column":21}},"loc":{"start":{"line":365,"column":27},"end":{"line":365,"column":null}},"line":365},"26":{"name":"(anonymous_26)","decl":{"start":{"line":367,"column":21},"end":{"line":367,"column":null}},"loc":{"start":{"line":368,"column":8},"end":{"line":375,"column":null}},"line":368},"27":{"name":"(anonymous_27)","decl":{"start":{"line":377,"column":26},"end":{"line":377,"column":32}},"loc":{"start":{"line":377,"column":32},"end":{"line":394,"column":null}},"line":377},"28":{"name":"(anonymous_28)","decl":{"start":{"line":380,"column":21},"end":{"line":380,"column":22}},"loc":{"start":{"line":380,"column":28},"end":{"line":380,"column":82}},"line":380},"29":{"name":"(anonymous_29)","decl":{"start":{"line":380,"column":44},"end":{"line":380,"column":45}},"loc":{"start":{"line":380,"column":52},"end":{"line":380,"column":81}},"line":380},"30":{"name":"(anonymous_30)","decl":{"start":{"line":381,"column":20},"end":{"line":381,"column":21}},"loc":{"start":{"line":381,"column":27},"end":{"line":393,"column":13}},"line":381}},"branchMap":{"0":{"loc":{"start":{"line":71,"column":37},"end":{"line":71,"column":59}},"type":"default-arg","locations":[{"start":{"line":71,"column":48},"end":{"line":71,"column":59}}],"line":71},"1":{"loc":{"start":{"line":76,"column":4},"end":{"line":78,"column":null}},"type":"if","locations":[{"start":{"line":76,"column":4},"end":{"line":78,"column":null}},{"start":{},"end":{}}],"line":76},"2":{"loc":{"start":{"line":77,"column":16},"end":{"line":77,"column":55}},"type":"cond-expr","locations":[{"start":{"line":77,"column":34},"end":{"line":77,"column":42}},{"start":{"line":77,"column":42},"end":{"line":77,"column":55}}],"line":77},"3":{"loc":{"start":{"line":89,"column":15},"end":{"line":89,"column":null}},"type":"binary-expr","locations":[{"start":{"line":89,"column":15},"end":{"line":89,"column":38}},{"start":{"line":89,"column":38},"end":{"line":89,"column":null}}],"line":89},"4":{"loc":{"start":{"line":91,"column":4},"end":{"line":91,"column":null}},"type":"if","locations":[{"start":{"line":91,"column":4},"end":{"line":91,"column":null}},{"start":{},"end":{}}],"line":91},"5":{"loc":{"start":{"line":98,"column":44},"end":{"line":98,"column":72}},"type":"binary-expr","locations":[{"start":{"line":98,"column":44},"end":{"line":98,"column":64}},{"start":{"line":98,"column":64},"end":{"line":98,"column":72}}],"line":98},"6":{"loc":{"start":{"line":168,"column":16},"end":{"line":168,"column":null}},"type":"if","locations":[{"start":{"line":168,"column":16},"end":{"line":168,"column":null}},{"start":{},"end":{}}],"line":168},"7":{"loc":{"start":{"line":177,"column":16},"end":{"line":182,"column":null}},"type":"if","locations":[{"start":{"line":177,"column":16},"end":{"line":182,"column":null}},{"start":{},"end":{}}],"line":177},"8":{"loc":{"start":{"line":181,"column":20},"end":{"line":181,"column":null}},"type":"if","locations":[{"start":{"line":181,"column":20},"end":{"line":181,"column":null}},{"start":{},"end":{}}],"line":181},"9":{"loc":{"start":{"line":186,"column":16},"end":{"line":191,"column":null}},"type":"if","locations":[{"start":{"line":186,"column":16},"end":{"line":191,"column":null}},{"start":{},"end":{}}],"line":186},"10":{"loc":{"start":{"line":190,"column":20},"end":{"line":190,"column":null}},"type":"if","locations":[{"start":{"line":190,"column":20},"end":{"line":190,"column":null}},{"start":{},"end":{}}],"line":190},"11":{"loc":{"start":{"line":205,"column":35},"end":{"line":205,"column":null}},"type":"binary-expr","locations":[{"start":{"line":205,"column":35},"end":{"line":205,"column":53}},{"start":{"line":205,"column":53},"end":{"line":205,"column":null}}],"line":205},"12":{"loc":{"start":{"line":206,"column":40},"end":{"line":208,"column":null}},"type":"cond-expr","locations":[{"start":{"line":207,"column":22},"end":{"line":207,"column":null}},{"start":{"line":208,"column":22},"end":{"line":208,"column":null}}],"line":206},"13":{"loc":{"start":{"line":210,"column":16},"end":{"line":218,"column":null}},"type":"if","locations":[{"start":{"line":210,"column":16},"end":{"line":218,"column":null}},{"start":{},"end":{}}],"line":210},"14":{"loc":{"start":{"line":220,"column":16},"end":{"line":228,"column":null}},"type":"if","locations":[{"start":{"line":220,"column":16},"end":{"line":228,"column":null}},{"start":{},"end":{}}],"line":220},"15":{"loc":{"start":{"line":231,"column":16},"end":{"line":234,"column":null}},"type":"if","locations":[{"start":{"line":231,"column":16},"end":{"line":234,"column":null}},{"start":{},"end":{}}],"line":231},"16":{"loc":{"start":{"line":245,"column":16},"end":{"line":266,"column":null}},"type":"if","locations":[{"start":{"line":245,"column":16},"end":{"line":266,"column":null}},{"start":{"line":252,"column":16},"end":{"line":266,"column":null}}],"line":245},"17":{"loc":{"start":{"line":252,"column":16},"end":{"line":266,"column":null}},"type":"if","locations":[{"start":{"line":252,"column":16},"end":{"line":266,"column":null}},{"start":{"line":259,"column":23},"end":{"line":266,"column":null}}],"line":252},"18":{"loc":{"start":{"line":268,"column":16},"end":{"line":268,"column":null}},"type":"if","locations":[{"start":{"line":268,"column":16},"end":{"line":268,"column":null}},{"start":{},"end":{}}],"line":268},"19":{"loc":{"start":{"line":269,"column":16},"end":{"line":269,"column":null}},"type":"if","locations":[{"start":{"line":269,"column":16},"end":{"line":269,"column":null}},{"start":{},"end":{}}],"line":269},"20":{"loc":{"start":{"line":276,"column":20},"end":{"line":276,"column":null}},"type":"if","locations":[{"start":{"line":276,"column":20},"end":{"line":276,"column":null}},{"start":{},"end":{}}],"line":276},"21":{"loc":{"start":{"line":301,"column":12},"end":{"line":301,"column":null}},"type":"if","locations":[{"start":{"line":301,"column":12},"end":{"line":301,"column":null}},{"start":{},"end":{}}],"line":301},"22":{"loc":{"start":{"line":303,"column":8},"end":{"line":303,"column":null}},"type":"if","locations":[{"start":{"line":303,"column":8},"end":{"line":303,"column":null}},{"start":{},"end":{}}],"line":303},"23":{"loc":{"start":{"line":305,"column":27},"end":{"line":305,"column":null}},"type":"binary-expr","locations":[{"start":{"line":305,"column":27},"end":{"line":305,"column":60}},{"start":{"line":305,"column":60},"end":{"line":305,"column":null}}],"line":305},"24":{"loc":{"start":{"line":306,"column":27},"end":{"line":306,"column":null}},"type":"binary-expr","locations":[{"start":{"line":306,"column":27},"end":{"line":306,"column":59}},{"start":{"line":306,"column":59},"end":{"line":306,"column":null}}],"line":306},"25":{"loc":{"start":{"line":314,"column":8},"end":{"line":314,"column":null}},"type":"if","locations":[{"start":{"line":314,"column":8},"end":{"line":314,"column":null}},{"start":{},"end":{}}],"line":314},"26":{"loc":{"start":{"line":315,"column":8},"end":{"line":316,"column":null}},"type":"if","locations":[{"start":{"line":315,"column":8},"end":{"line":316,"column":null}},{"start":{},"end":{}}],"line":315},"27":{"loc":{"start":{"line":320,"column":8},"end":{"line":321,"column":null}},"type":"if","locations":[{"start":{"line":320,"column":8},"end":{"line":321,"column":null}},{"start":{},"end":{}}],"line":320},"28":{"loc":{"start":{"line":320,"column":12},"end":{"line":320,"column":null}},"type":"binary-expr","locations":[{"start":{"line":320,"column":12},"end":{"line":320,"column":24}},{"start":{"line":320,"column":24},"end":{"line":320,"column":35}},{"start":{"line":320,"column":35},"end":{"line":320,"column":null}}],"line":320},"29":{"loc":{"start":{"line":324,"column":8},"end":{"line":331,"column":null}},"type":"if","locations":[{"start":{"line":324,"column":8},"end":{"line":331,"column":null}},{"start":{},"end":{}}],"line":324},"30":{"loc":{"start":{"line":324,"column":12},"end":{"line":324,"column":39}},"type":"binary-expr","locations":[{"start":{"line":324,"column":12},"end":{"line":324,"column":24}},{"start":{"line":324,"column":24},"end":{"line":324,"column":39}}],"line":324},"31":{"loc":{"start":{"line":325,"column":57},"end":{"line":325,"column":null}},"type":"binary-expr","locations":[{"start":{"line":325,"column":57},"end":{"line":325,"column":81}},{"start":{"line":325,"column":81},"end":{"line":325,"column":null}}],"line":325},"32":{"loc":{"start":{"line":327,"column":12},"end":{"line":330,"column":null}},"type":"if","locations":[{"start":{"line":327,"column":12},"end":{"line":330,"column":null}},{"start":{},"end":{}}],"line":327},"33":{"loc":{"start":{"line":334,"column":8},"end":{"line":334,"column":null}},"type":"if","locations":[{"start":{"line":334,"column":8},"end":{"line":334,"column":null}},{"start":{},"end":{}}],"line":334},"34":{"loc":{"start":{"line":335,"column":8},"end":{"line":339,"column":null}},"type":"if","locations":[{"start":{"line":335,"column":8},"end":{"line":339,"column":null}},{"start":{},"end":{}}],"line":335},"35":{"loc":{"start":{"line":337,"column":39},"end":{"line":337,"column":68}},"type":"binary-expr","locations":[{"start":{"line":337,"column":39},"end":{"line":337,"column":63}},{"start":{"line":337,"column":63},"end":{"line":337,"column":68}}],"line":337},"36":{"loc":{"start":{"line":343,"column":12},"end":{"line":355,"column":null}},"type":"if","locations":[{"start":{"line":343,"column":12},"end":{"line":355,"column":null}},{"start":{},"end":{}}],"line":343},"37":{"loc":{"start":{"line":350,"column":20},"end":{"line":354,"column":null}},"type":"cond-expr","locations":[{"start":{"line":351,"column":26},"end":{"line":351,"column":null}},{"start":{"line":352,"column":26},"end":{"line":354,"column":null}}],"line":350},"38":{"loc":{"start":{"line":352,"column":26},"end":{"line":354,"column":null}},"type":"cond-expr","locations":[{"start":{"line":353,"column":30},"end":{"line":353,"column":null}},{"start":{"line":354,"column":30},"end":{"line":354,"column":null}}],"line":352},"39":{"loc":{"start":{"line":384,"column":20},"end":{"line":388,"column":null}},"type":"binary-expr","locations":[{"start":{"line":384,"column":20},"end":{"line":384,"column":null}},{"start":{"line":385,"column":20},"end":{"line":385,"column":null}},{"start":{"line":386,"column":20},"end":{"line":386,"column":null}},{"start":{"line":387,"column":20},"end":{"line":387,"column":null}},{"start":{"line":388,"column":20},"end":{"line":388,"column":null}}],"line":384},"40":{"loc":{"start":{"line":389,"column":34},"end":{"line":389,"column":null}},"type":"binary-expr","locations":[{"start":{"line":389,"column":34},"end":{"line":389,"column":58}},{"start":{"line":389,"column":58},"end":{"line":389,"column":null}}],"line":389},"41":{"loc":{"start":{"line":391,"column":20},"end":{"line":391,"column":null}},"type":"binary-expr","locations":[{"start":{"line":391,"column":20},"end":{"line":391,"column":46}},{"start":{"line":391,"column":46},"end":{"line":391,"column":null}}],"line":391},"42":{"loc":{"start":{"line":392,"column":23},"end":{"line":392,"column":null}},"type":"binary-expr","locations":[{"start":{"line":392,"column":23},"end":{"line":392,"column":38}},{"start":{"line":392,"column":38},"end":{"line":392,"column":51}},{"start":{"line":392,"column":51},"end":{"line":392,"column":null}}],"line":392}},"s":{"0":80,"1":80,"2":80,"3":80,"4":80,"5":1,"6":79,"7":24,"8":32,"9":24,"10":1,"11":23,"12":23,"13":60,"14":23,"15":1,"16":1,"17":9,"18":9,"19":8,"20":8,"21":8,"22":8,"23":8,"24":8,"25":10,"26":10,"27":8,"28":8,"29":2,"30":2,"31":2,"32":0,"33":8,"34":10,"35":10,"36":1,"37":3,"38":1,"39":1,"40":1,"41":10,"42":10,"43":0,"44":0,"45":0,"46":0,"47":0,"48":10,"49":10,"50":11,"51":10,"52":10,"53":10,"54":10,"55":10,"56":1,"57":1,"58":1,"59":9,"60":1,"61":1,"62":1,"63":8,"64":8,"65":8,"66":8,"67":8,"68":8,"69":8,"70":8,"71":8,"72":8,"73":8,"74":8,"75":0,"76":0,"77":8,"78":3,"79":3,"80":5,"81":5,"82":8,"83":8,"84":8,"85":8,"86":8,"87":10,"88":10,"89":12,"90":10,"91":10,"92":8,"93":15,"94":15,"95":15,"96":15,"97":15,"98":15,"99":15,"100":15,"101":15,"102":14,"103":14,"104":15,"105":1,"106":14,"107":15,"108":15,"109":15,"110":1,"111":13,"112":13,"113":12,"114":12,"115":12,"116":12,"117":1,"118":11,"119":12,"120":11,"121":10,"122":10,"123":10,"124":1,"125":1,"126":10,"127":10,"128":10,"129":10,"130":10,"131":102,"132":109,"133":102,"134":10,"135":10,"136":10,"137":10,"138":10,"139":10,"140":10,"141":10,"142":1,"143":1,"144":1,"145":1,"146":40,"147":9,"148":9,"149":18,"150":27,"151":27,"152":27,"153":27,"154":27,"155":27},"f":{"0":80,"1":24,"2":32,"3":60,"4":1,"5":9,"6":8,"7":10,"8":10,"9":2,"10":3,"11":1,"12":0,"13":0,"14":11,"15":10,"16":12,"17":15,"18":15,"19":12,"20":12,"21":109,"22":1,"23":1,"24":1,"25":1,"26":40,"27":9,"28":18,"29":27,"30":27},"b":{"0":[80],"1":[1,79],"2":[1,0],"3":[32,23],"4":[1,23],"5":[23,0],"6":[2,0],"7":[1,9],"8":[1,0],"9":[0,10],"10":[0,0],"11":[10,0],"12":[10,0],"13":[1,9],"14":[1,8],"15":[8,0],"16":[0,8],"17":[3,5],"18":[8,0],"19":[8,0],"20":[10,0],"21":[14,1],"22":[1,14],"23":[14,14],"24":[15,14],"25":[1,14],"26":[1,12],"27":[1,11],"28":[12,11,11],"29":[10,1],"30":[11,11],"31":[10,10],"32":[1,9],"33":[10,0],"34":[10,0],"35":[10,10],"36":[10,92],"37":[1,9],"38":[4,5],"39":[27,18,16,16,13],"40":[27,6],"41":[27,6],"42":[27,15,12]},"meta":{"lastBranch":43,"lastFunction":31,"lastStatement":156,"seen":{"f:71:9:71:22":0,"b:71:48:71:59":0,"s:72:19:72:Infinity":0,"s:73:20:73:Infinity":1,"s:74:18:74:Infinity":2,"s:75:17:75:Infinity":3,"b:76:4:78:Infinity:undefined:undefined:undefined:undefined":1,"s:76:4:78:Infinity":4,"s:77:8:77:Infinity":5,"b:77:34:77:42:77:42:77:55":2,"s:79:4:79:Infinity":6,"f:82:9:82:Infinity":1,"s:88:18:90:Infinity":7,"f:89:8:89:9":2,"s:89:15:89:Infinity":8,"b:89:15:89:38:89:38:89:Infinity":3,"b:91:4:91:Infinity:undefined:undefined:undefined:undefined":4,"s:91:4:91:Infinity":9,"s:91:16:91:Infinity":10,"s:92:47:96:Infinity":11,"s:97:17:97:Infinity":12,"f:97:34:97:35":3,"s:97:41:97:75":13,"s:98:4:98:Infinity":14,"b:98:44:98:64:98:64:98:72":5,"s:126:13:395:Infinity":15,"f:126:58:126:59":4,"s:126:73:395:2":16,"f:141:23:141:29":5,"s:142:8:142:Infinity":17,"s:144:8:289:Infinity":18,"f:144:19:144:25":6,"s:145:26:145:Infinity":19,"s:146:44:148:Infinity":20,"s:149:42:151:Infinity":21,"s:152:36:152:Infinity":22,"s:153:42:153:Infinity":23,"s:156:61:158:Infinity":24,"f:156:76:156:77":7,"s:157:16:157:Infinity":25,"f:157:32:157:33":8,"s:157:40:157:69":26,"s:161:56:165:Infinity":27,"s:166:12:172:Infinity":28,"f:166:22:166:23":9,"s:167:26:167:Infinity":29,"b:168:16:168:Infinity:undefined:undefined:undefined:undefined":6,"s:168:16:168:Infinity":30,"s:168:29:168:Infinity":31,"s:169:16:170:Infinity":32,"s:174:12:270:Infinity":33,"s:176:33:176:Infinity":34,"b:177:16:182:Infinity:undefined:undefined:undefined:undefined":7,"s:177:16:182:Infinity":35,"s:178:33:180:Infinity":36,"f:179:32:179:33":10,"s:179:39:179:65":37,"f:180:30:180:31":11,"s:180:40:180:57":38,"b:181:20:181:Infinity:undefined:undefined:undefined:undefined":8,"s:181:20:181:Infinity":39,"s:181:30:181:Infinity":40,"s:185:33:185:Infinity":41,"b:186:16:191:Infinity:undefined:undefined:undefined:undefined":9,"s:186:16:191:Infinity":42,"s:187:36:189:Infinity":43,"f:188:32:188:33":12,"s:188:39:188:64":44,"f:189:30:189:31":13,"s:189:40:189:57":45,"b:190:20:190:Infinity:undefined:undefined:undefined:undefined":10,"s:190:20:190:Infinity":46,"s:190:32:190:Infinity":47,"s:193:34:198:Infinity":48,"s:200:32:200:Infinity":49,"f:200:48:200:49":14,"s:200:55:200:83":50,"s:201:33:203:Infinity":51,"f:202:20:202:21":15,"s:202:27:202:Infinity":52,"s:205:35:205:Infinity":53,"b:205:35:205:53:205:53:205:Infinity":11,"s:206:40:208:Infinity":54,"b:207:22:207:Infinity:208:22:208:Infinity":12,"b:210:16:218:Infinity:undefined:undefined:undefined:undefined":13,"s:210:16:218:Infinity":55,"s:211:20:211:Infinity":56,"s:212:20:216:Infinity":57,"s:217:20:217:Infinity":58,"b:220:16:228:Infinity:undefined:undefined:undefined:undefined":14,"s:220:16:228:Infinity":59,"s:221:20:221:Infinity":60,"s:222:20:226:Infinity":61,"s:227:20:227:Infinity":62,"s:230:31:230:Infinity":63,"b:231:16:234:Infinity:undefined:undefined:undefined:undefined":15,"s:231:16:234:Infinity":64,"s:232:40:232:Infinity":65,"s:233:20:233:Infinity":66,"s:235:16:235:Infinity":67,"s:237:35:237:Infinity":68,"s:239:16:239:Infinity":69,"s:240:16:240:Infinity":70,"s:241:16:241:Infinity":71,"s:242:16:242:Infinity":72,"s:243:16:243:Infinity":73,"b:245:16:266:Infinity:252:16:266:Infinity":16,"s:245:16:266:Infinity":74,"s:246:20:246:Infinity":75,"s:247:20:251:Infinity":76,"b:252:16:266:Infinity:259:23:266:Infinity":17,"s:252:16:266:Infinity":77,"s:253:20:253:Infinity":78,"s:254:20:258:Infinity":79,"s:260:20:260:Infinity":80,"s:261:20:265:Infinity":81,"b:268:16:268:Infinity:undefined:undefined:undefined:undefined":18,"s:268:16:268:Infinity":82,"s:268:29:268:Infinity":83,"b:269:16:269:Infinity:undefined:undefined:undefined:undefined":19,"s:269:16:269:Infinity":84,"s:269:30:269:Infinity":85,"s:273:12:278:Infinity":86,"s:274:16:277:Infinity":87,"s:275:36:275:Infinity":88,"f:275:46:275:47":16,"s:275:53:275:84":89,"b:276:20:276:Infinity:undefined:undefined:undefined:undefined":20,"s:276:20:276:Infinity":90,"s:276:33:276:Infinity":91,"s:280:12:288:Infinity":92,"f:292:20:292:21":17,"s:293:22:293:Infinity":93,"s:294:32:294:Infinity":94,"s:295:40:295:Infinity":95,"s:296:38:296:Infinity":96,"s:298:41:298:Infinity":97,"s:299:8:302:Infinity":98,"s:300:22:300:Infinity":99,"f:300:43:300:44":18,"s:300:50:300:77":100,"b:301:12:301:Infinity:undefined:undefined:undefined:undefined":21,"s:301:12:301:Infinity":101,"s:301:21:301:36":102,"s:301:36:301:43":103,"b:303:8:303:Infinity:undefined:undefined:undefined:undefined":22,"s:303:8:303:Infinity":104,"s:303:24:303:Infinity":105,"s:305:27:305:Infinity":106,"b:305:27:305:60:305:60:305:Infinity":23,"s:306:27:306:Infinity":107,"b:306:27:306:59:306:59:306:Infinity":24,"s:307:26:312:Infinity":108,"b:314:8:314:Infinity:undefined:undefined:undefined:undefined":25,"s:314:8:314:Infinity":109,"s:314:21:314:Infinity":110,"b:315:8:316:Infinity:undefined:undefined:undefined:undefined":26,"s:315:8:316:Infinity":111,"s:316:12:316:Infinity":112,"s:318:24:318:Infinity":113,"f:318:40:318:41":19,"s:318:47:318:75":114,"s:319:21:319:Infinity":115,"b:320:8:321:Infinity:undefined:undefined:undefined:undefined":27,"s:320:8:321:Infinity":116,"b:320:12:320:24:320:24:320:35:320:35:320:Infinity":28,"s:321:12:321:Infinity":117,"s:323:25:323:Infinity":118,"f:323:40:323:41":20,"s:323:47:323:85":119,"b:324:8:331:Infinity:undefined:undefined:undefined:undefined":29,"s:324:8:331:Infinity":120,"b:324:12:324:24:324:24:324:39":30,"s:325:34:325:Infinity":121,"b:325:57:325:81:325:81:325:Infinity":31,"s:326:27:326:Infinity":122,"b:327:12:330:Infinity:undefined:undefined:undefined:undefined":32,"s:327:12:330:Infinity":123,"s:328:30:328:Infinity":124,"s:329:16:329:Infinity":125,"b:334:8:334:Infinity:undefined:undefined:undefined:undefined":33,"s:334:8:334:Infinity":126,"s:334:21:334:Infinity":127,"b:335:8:339:Infinity:undefined:undefined:undefined:undefined":34,"s:335:8:339:Infinity":128,"s:336:12:338:Infinity":129,"b:337:39:337:63:337:63:337:68":35,"s:341:8:356:Infinity":130,"s:342:24:342:Infinity":131,"f:342:45:342:46":21,"s:342:52:342:79":132,"b:343:12:355:Infinity:undefined:undefined:undefined:undefined":36,"s:343:12:355:Infinity":133,"s:344:16:344:Infinity":134,"s:345:16:345:Infinity":135,"s:346:16:346:Infinity":136,"s:347:16:347:Infinity":137,"s:348:16:348:Infinity":138,"s:349:16:354:Infinity":139,"b:351:26:351:Infinity:352:26:354:Infinity":37,"b:353:30:353:Infinity:354:30:354:Infinity":38,"s:358:8:358:Infinity":140,"s:359:8:359:Infinity":141,"f:362:20:362:21":22,"s:362:27:362:Infinity":142,"f:363:19:363:20":23,"s:363:26:363:Infinity":143,"f:364:21:364:22":24,"s:364:28:364:Infinity":144,"f:365:20:365:21":25,"s:365:27:365:Infinity":145,"f:367:21:367:Infinity":26,"s:368:8:375:Infinity":146,"f:377:26:377:32":27,"s:378:66:378:Infinity":147,"s:379:8:393:Infinity":148,"f:380:21:380:22":28,"s:380:28:380:82":149,"f:380:44:380:45":29,"s:380:52:380:81":150,"f:381:20:381:21":30,"s:382:26:382:Infinity":151,"s:384:20:388:Infinity":152,"b:384:20:384:Infinity:385:20:385:Infinity:386:20:386:Infinity:387:20:387:Infinity:388:20:388:Infinity":39,"s:389:34:389:Infinity":153,"b:389:34:389:58:389:58:389:Infinity":40,"s:391:20:391:Infinity":154,"b:391:20:391:46:391:46:391:Infinity":41,"s:392:16:392:Infinity":155,"b:392:23:392:38:392:38:392:51:392:51:392:Infinity":42}}}
}
